<?xml version="1.0" encoding="UTF-8"?>
<!-- Generated by org.testng.reporters.JUnitReportReporter -->
<testsuite skipped="0" hostname="LAPTOP-G3MDKHV7" name="mavenJava.functionality.AppiumTest" tests="2" failures="0" timestamp="28 Apr 2020 10:49:32 GMT" time="0.011" errors="0">
  <testcase name="sam5" time="0.010" classname="mavenJava.functionality.AppiumTest"/>
  <testcase name="sam6" time="0.001" classname="mavenJava.functionality.AppiumTest"/>
</testsuite> <!-- mavenJava.functionality.AppiumTest -->
